Build started 2013-04-27 17:09:11.
     1>Project "E:\Documents\SQL\sem2\ProgramowanieSymulacjiFizykiWCzasieRzeczywistym\Projekty\project01\project01\project01.vcxproj" on node 2 (build target(s)).
     1>InitializeBuildStatus:
         Creating "Debug\project01.unsuccessfulbuild" because "AlwaysCreate" was specified.
       ClCompile:
         All outputs are up-to-date.
         D:\Microsoft\Visual Studio 2010\VC\bin\CL.exe /c /IE:\Documents\SQL\sem2\ProgramowanieSymulacjiFizykiWCzasieRzeczywistym\Projekty\project01\opengl /ZI /nologo /W3 /WX- /Od /Oy- /D WIN32 /D _DEBUG /D _CONSOLE /D _UNICODE /D UNICODE /Gm /EHsc /RTC1 /MDd /GS /fp:precise /Zc:wchar_t /Zc:forScope /Fo"Debug\\" /Fd"Debug\vc100.pdb" /Gd /TP /analyze- /errorReport:prompt main.cpp
         main.cpp
     1>e:\documents\sql\sem2\programowaniesymulacjifizykiwczasierzeczywistym\projekty\project01\project01\random.h(12): warning C4244: '=' : conversion from 'double' to 'float', possible loss of data
     1>e:\documents\sql\sem2\programowaniesymulacjifizykiwczasierzeczywistym\projekty\project01\project01\materialpoint.h(18): warning C4018: '<' : signed/unsigned mismatch
     1>e:\documents\sql\sem2\programowaniesymulacjifizykiwczasierzeczywistym\projekty\project01\project01\materialpoint.h(42): warning C4305: 'argument' : truncation from 'double' to 'float'
     1>e:\documents\sql\sem2\programowaniesymulacjifizykiwczasierzeczywistym\projekty\project01\project01\materialpoint.h(46): warning C4305: '=' : truncation from 'double' to 'float'
     1>e:\documents\sql\sem2\programowaniesymulacjifizykiwczasierzeczywistym\projekty\project01\project01\materialpoint.h(47): warning C4244: 'argument' : conversion from 'time_t' to 'unsigned int', possible loss of data
     1>e:\documents\sql\sem2\programowaniesymulacjifizykiwczasierzeczywistym\projekty\project01\project01\materialpoint.h(55): warning C4244: '=' : conversion from 'double' to 'float', possible loss of data
     1>e:\documents\sql\sem2\programowaniesymulacjifizykiwczasierzeczywistym\projekty\project01\project01\materialpoint.h(118): warning C4244: 'argument' : conversion from 'double' to 'float', possible loss of data
     1>e:\documents\sql\sem2\programowaniesymulacjifizykiwczasierzeczywistym\projekty\project01\project01\pointscollection.h(23): warning C4244: 'argument' : conversion from 'time_t' to 'unsigned int', possible loss of data
     1>e:\documents\sql\sem2\programowaniesymulacjifizykiwczasierzeczywistym\projekty\project01\project01\pointscollection.h(27): warning C4244: 'argument' : conversion from 'double' to 'float', possible loss of data
     1>e:\documents\sql\sem2\programowaniesymulacjifizykiwczasierzeczywistym\projekty\project01\project01\pointscollection.h(27): warning C4244: 'argument' : conversion from 'double' to 'float', possible loss of data
     1>e:\documents\sql\sem2\programowaniesymulacjifizykiwczasierzeczywistym\projekty\project01\project01\main.cpp(30): warning C4305: 'argument' : truncation from 'double' to 'float'
     1>e:\documents\sql\sem2\programowaniesymulacjifizykiwczasierzeczywistym\projekty\project01\project01\main.cpp(59): warning C4244: '+=' : conversion from 'double' to 'float', possible loss of data
     1>e:\documents\sql\sem2\programowaniesymulacjifizykiwczasierzeczywistym\projekty\project01\project01\main.cpp(60): warning C4244: '+=' : conversion from 'double' to 'float', possible loss of data
     1>e:\documents\sql\sem2\programowaniesymulacjifizykiwczasierzeczywistym\projekty\project01\project01\main.cpp(64): warning C4244: '-=' : conversion from 'double' to 'float', possible loss of data
     1>e:\documents\sql\sem2\programowaniesymulacjifizykiwczasierzeczywistym\projekty\project01\project01\main.cpp(65): warning C4244: '-=' : conversion from 'double' to 'float', possible loss of data
     1>e:\documents\sql\sem2\programowaniesymulacjifizykiwczasierzeczywistym\projekty\project01\project01\main.cpp(121): warning C4244: '=' : conversion from 'int' to 'float', possible loss of data
     1>e:\documents\sql\sem2\programowaniesymulacjifizykiwczasierzeczywistym\projekty\project01\project01\main.cpp(122): warning C4244: '=' : conversion from 'int' to 'float', possible loss of data
     1>e:\documents\sql\sem2\programowaniesymulacjifizykiwczasierzeczywistym\projekty\project01\project01\main.cpp(131): warning C4244: 'initializing' : conversion from 'float' to 'int', possible loss of data
     1>e:\documents\sql\sem2\programowaniesymulacjifizykiwczasierzeczywistym\projekty\project01\project01\main.cpp(132): warning C4244: 'initializing' : conversion from 'float' to 'int', possible loss of data
     1>e:\documents\sql\sem2\programowaniesymulacjifizykiwczasierzeczywistym\projekty\project01\project01\main.cpp(133): warning C4244: '=' : conversion from 'int' to 'float', possible loss of data
     1>e:\documents\sql\sem2\programowaniesymulacjifizykiwczasierzeczywistym\projekty\project01\project01\main.cpp(134): warning C4244: '=' : conversion from 'int' to 'float', possible loss of data
       ManifestResourceCompile:
         All outputs are up-to-date.
       Link:
         D:\Microsoft\Visual Studio 2010\VC\bin\link.exe /ERRORREPORT:PROMPT /OUT:"E:\Documents\SQL\sem2\ProgramowanieSymulacjiFizykiWCzasieRzeczywistym\Projekty\project01\Debug\project01.exe" /INCREMENTAL /NOLOGO kernel32.lib user32.lib gdi32.lib winspool.lib comdlg32.lib advapi32.lib shell32.lib ole32.lib oleaut32.lib uuid.lib odbc32.lib odbccp32.lib /MANIFEST /ManifestFile:"Debug\project01.exe.intermediate.manifest" /MANIFESTUAC:"level='asInvoker' uiAccess='false'" /DEBUG /PDB:"E:\Documents\SQL\sem2\ProgramowanieSymulacjiFizykiWCzasieRzeczywistym\Projekty\project01\Debug\project01.pdb" /SUBSYSTEM:CONSOLE /TLBID:1 /DYNAMICBASE /NXCOMPAT /IMPLIB:"E:\Documents\SQL\sem2\ProgramowanieSymulacjiFizykiWCzasieRzeczywistym\Projekty\project01\Debug\project01.lib" /MACHINE:X86 Debug\project01.exe.embed.manifest.res
         Debug\main.obj
     1>main.obj : error LNK2019: unresolved external symbol __imp__glutBitmapCharacter@8 referenced in function "void __cdecl draw_text(float,float,class std::basic_string<char,struct std::char_traits<char>,class std::allocator<char> >)" (?draw_text@@YAXMMV?$basic_string@DU?$char_traits@D@std@@V?$allocator@D@2@@std@@@Z)
     1>main.obj : error LNK2019: unresolved external symbol __imp__glutWireSphere@16 referenced in function "public: void __thiscall MaterialPoint::draw(void)" (?draw@MaterialPoint@@QAEXXZ)
     1>main.obj : error LNK2019: unresolved external symbol __imp__glutSolidSphere@16 referenced in function "public: void __thiscall MaterialPoint::draw(void)" (?draw@MaterialPoint@@QAEXXZ)
     1>main.obj : error LNK2019: unresolved external symbol __imp__glutSwapBuffers@0 referenced in function "void __cdecl renderScene(void)" (?renderScene@@YAXXZ)
     1>main.obj : error LNK2019: unresolved external symbol __imp__glutMainLoop@0 referenced in function _main
     1>main.obj : error LNK2019: unresolved external symbol __imp__glutMouseFunc@4 referenced in function _main
     1>main.obj : error LNK2019: unresolved external symbol __imp__glutMotionFunc@4 referenced in function _main
     1>main.obj : error LNK2019: unresolved external symbol __imp__glutKeyboardUpFunc@4 referenced in function _main
     1>main.obj : error LNK2019: unresolved external symbol __imp__glutKeyboardFunc@4 referenced in function _main
     1>main.obj : error LNK2019: unresolved external symbol __imp__glutWarpPointer@8 referenced in function _main
     1>main.obj : error LNK2019: unresolved external symbol __imp__glutReshapeFunc@4 referenced in function _main
     1>main.obj : error LNK2019: unresolved external symbol __imp__glutIdleFunc@4 referenced in function _main
     1>main.obj : error LNK2019: unresolved external symbol __imp__glutDisplayFunc@4 referenced in function _main
     1>main.obj : error LNK2019: unresolved external symbol __imp__glutInitDisplayMode@4 referenced in function _main
     1>main.obj : error LNK2019: unresolved external symbol __imp__glutInitWindowSize@8 referenced in function _main
     1>main.obj : error LNK2019: unresolved external symbol __imp__glutInitWindowPosition@8 referenced in function _main
     1>main.obj : error LNK2019: unresolved external symbol __imp____glutInitWithExit@12 referenced in function _glutInit_ATEXIT_HACK@8
     1>main.obj : error LNK2019: unresolved external symbol __imp____glutCreateWindowWithExit@8 referenced in function _glutCreateWindow_ATEXIT_HACK@4
     1>E:\Documents\SQL\sem2\ProgramowanieSymulacjiFizykiWCzasieRzeczywistym\Projekty\project01\Debug\project01.exe : fatal error LNK1120: 18 unresolved externals
     1>Done Building Project "E:\Documents\SQL\sem2\ProgramowanieSymulacjiFizykiWCzasieRzeczywistym\Projekty\project01\project01\project01.vcxproj" (build target(s)) -- FAILED.

Build FAILED.

Time Elapsed 00:00:04.57
