E:\DOCUMENTS\SQL\SEM2\PROGRAMOWANIESYMULACJIFIZYKIWCZASIERZECZYWISTYM\PROJEKTY\PROJECT01\DEBUG\PROJECT01.EXE
E:\DOCUMENTS\SQL\SEM2\PROGRAMOWANIESYMULACJIFIZYKIWCZASIERZECZYWISTYM\PROJEKTY\PROJECT01\DEBUG\PROJECT01.ILK
E:\DOCUMENTS\SQL\SEM2\PROGRAMOWANIESYMULACJIFIZYKIWCZASIERZECZYWISTYM\PROJEKTY\PROJECT01\DEBUG\PROJECT01.PDB
E:\Documents\SQL\sem2\ProgramowanieSymulacjiFizykiWCzasieRzeczywistym\Projekty\project01\project01\Debug\cl.command.1.tlog
E:\Documents\SQL\sem2\ProgramowanieSymulacjiFizykiWCzasieRzeczywistym\Projekty\project01\project01\Debug\CL.read.1.tlog
E:\Documents\SQL\sem2\ProgramowanieSymulacjiFizykiWCzasieRzeczywistym\Projekty\project01\project01\Debug\CL.write.1.tlog
E:\Documents\SQL\sem2\ProgramowanieSymulacjiFizykiWCzasieRzeczywistym\Projekty\project01\project01\Debug\link.4248.read.1.tlog
E:\Documents\SQL\sem2\ProgramowanieSymulacjiFizykiWCzasieRzeczywistym\Projekty\project01\project01\Debug\link.4248.write.1.tlog
E:\Documents\SQL\sem2\ProgramowanieSymulacjiFizykiWCzasieRzeczywistym\Projekty\project01\project01\Debug\link.4248-cvtres.read.1.tlog
E:\Documents\SQL\sem2\ProgramowanieSymulacjiFizykiWCzasieRzeczywistym\Projekty\project01\project01\Debug\link.4248-cvtres.write.1.tlog
E:\Documents\SQL\sem2\ProgramowanieSymulacjiFizykiWCzasieRzeczywistym\Projekty\project01\project01\Debug\link.4332.read.1.tlog
E:\Documents\SQL\sem2\ProgramowanieSymulacjiFizykiWCzasieRzeczywistym\Projekty\project01\project01\Debug\link.4332.write.1.tlog
E:\Documents\SQL\sem2\ProgramowanieSymulacjiFizykiWCzasieRzeczywistym\Projekty\project01\project01\Debug\link.4332-cvtres.read.1.tlog
E:\Documents\SQL\sem2\ProgramowanieSymulacjiFizykiWCzasieRzeczywistym\Projekty\project01\project01\Debug\link.4332-cvtres.write.1.tlog
E:\Documents\SQL\sem2\ProgramowanieSymulacjiFizykiWCzasieRzeczywistym\Projekty\project01\project01\Debug\link.5320.read.1.tlog
E:\Documents\SQL\sem2\ProgramowanieSymulacjiFizykiWCzasieRzeczywistym\Projekty\project01\project01\Debug\link.5320.write.1.tlog
E:\Documents\SQL\sem2\ProgramowanieSymulacjiFizykiWCzasieRzeczywistym\Projekty\project01\project01\Debug\link.5320-cvtres.read.1.tlog
E:\Documents\SQL\sem2\ProgramowanieSymulacjiFizykiWCzasieRzeczywistym\Projekty\project01\project01\Debug\link.5320-cvtres.write.1.tlog
E:\Documents\SQL\sem2\ProgramowanieSymulacjiFizykiWCzasieRzeczywistym\Projekty\project01\project01\Debug\link.5584.read.1.tlog
E:\Documents\SQL\sem2\ProgramowanieSymulacjiFizykiWCzasieRzeczywistym\Projekty\project01\project01\Debug\link.5584.write.1.tlog
E:\Documents\SQL\sem2\ProgramowanieSymulacjiFizykiWCzasieRzeczywistym\Projekty\project01\project01\Debug\link.5584-cvtres.read.1.tlog
E:\Documents\SQL\sem2\ProgramowanieSymulacjiFizykiWCzasieRzeczywistym\Projekty\project01\project01\Debug\link.5584-cvtres.write.1.tlog
E:\Documents\SQL\sem2\ProgramowanieSymulacjiFizykiWCzasieRzeczywistym\Projekty\project01\project01\Debug\link.6152.read.1.tlog
E:\Documents\SQL\sem2\ProgramowanieSymulacjiFizykiWCzasieRzeczywistym\Projekty\project01\project01\Debug\link.6152.write.1.tlog
E:\Documents\SQL\sem2\ProgramowanieSymulacjiFizykiWCzasieRzeczywistym\Projekty\project01\project01\Debug\link.6152-cvtres.read.1.tlog
E:\Documents\SQL\sem2\ProgramowanieSymulacjiFizykiWCzasieRzeczywistym\Projekty\project01\project01\Debug\link.6152-cvtres.write.1.tlog
E:\Documents\SQL\sem2\ProgramowanieSymulacjiFizykiWCzasieRzeczywistym\Projekty\project01\project01\Debug\link.command.1.tlog
E:\Documents\SQL\sem2\ProgramowanieSymulacjiFizykiWCzasieRzeczywistym\Projekty\project01\project01\Debug\link.read.1.tlog
E:\Documents\SQL\sem2\ProgramowanieSymulacjiFizykiWCzasieRzeczywistym\Projekty\project01\project01\Debug\link.write.1.tlog
E:\Documents\SQL\sem2\ProgramowanieSymulacjiFizykiWCzasieRzeczywistym\Projekty\project01\project01\Debug\link-cvtres.read.1.tlog
E:\Documents\SQL\sem2\ProgramowanieSymulacjiFizykiWCzasieRzeczywistym\Projekty\project01\project01\Debug\link-cvtres.write.1.tlog
E:\DOCUMENTS\SQL\SEM2\PROGRAMOWANIESYMULACJIFIZYKIWCZASIERZECZYWISTYM\PROJEKTY\PROJECT01\PROJECT01\DEBUG\MAIN.OBJ
E:\Documents\SQL\sem2\ProgramowanieSymulacjiFizykiWCzasieRzeczywistym\Projekty\project01\project01\Debug\mt.command.1.tlog
E:\Documents\SQL\sem2\ProgramowanieSymulacjiFizykiWCzasieRzeczywistym\Projekty\project01\project01\Debug\mt.read.1.tlog
E:\Documents\SQL\sem2\ProgramowanieSymulacjiFizykiWCzasieRzeczywistym\Projekty\project01\project01\Debug\mt.write.1.tlog
E:\DOCUMENTS\SQL\SEM2\PROGRAMOWANIESYMULACJIFIZYKIWCZASIERZECZYWISTYM\PROJEKTY\PROJECT01\PROJECT01\DEBUG\PROJECT01.EXE.EMBED.MANIFEST
E:\DOCUMENTS\SQL\SEM2\PROGRAMOWANIESYMULACJIFIZYKIWCZASIERZECZYWISTYM\PROJEKTY\PROJECT01\PROJECT01\DEBUG\PROJECT01.EXE.EMBED.MANIFEST.RES
E:\DOCUMENTS\SQL\SEM2\PROGRAMOWANIESYMULACJIFIZYKIWCZASIERZECZYWISTYM\PROJEKTY\PROJECT01\PROJECT01\DEBUG\PROJECT01.EXE.INTERMEDIATE.MANIFEST
E:\Documents\SQL\sem2\ProgramowanieSymulacjiFizykiWCzasieRzeczywistym\Projekty\project01\project01\Debug\project01.vcxprojResolveAssemblyReference.cache
E:\Documents\SQL\sem2\ProgramowanieSymulacjiFizykiWCzasieRzeczywistym\Projekty\project01\project01\Debug\project01.write.1.tlog
E:\Documents\SQL\sem2\ProgramowanieSymulacjiFizykiWCzasieRzeczywistym\Projekty\project01\project01\Debug\project01_manifest.rc
E:\Documents\SQL\sem2\ProgramowanieSymulacjiFizykiWCzasieRzeczywistym\Projekty\project01\project01\Debug\rc.command.1.tlog
E:\Documents\SQL\sem2\ProgramowanieSymulacjiFizykiWCzasieRzeczywistym\Projekty\project01\project01\Debug\rc.read.1.tlog
E:\Documents\SQL\sem2\ProgramowanieSymulacjiFizykiWCzasieRzeczywistym\Projekty\project01\project01\Debug\rc.write.1.tlog
E:\Documents\SQL\sem2\ProgramowanieSymulacjiFizykiWCzasieRzeczywistym\Projekty\project01\project01\Debug\vc100.idb
E:\DOCUMENTS\SQL\SEM2\PROGRAMOWANIESYMULACJIFIZYKIWCZASIERZECZYWISTYM\PROJEKTY\PROJECT01\PROJECT01\DEBUG\VC100.PDB
