Build started 2013-05-31 13:52:55.
     1>Project "E:\Documents\SQL\sem2\ProgramowanieSymulacjiFizykiWCzasieRzeczywistym\Projekty\Projects02\project02\project02\project02.vcxproj" on node 2 (build target(s)).
     1>InitializeBuildStatus:
         Creating "Debug\project02.unsuccessfulbuild" because "AlwaysCreate" was specified.
       ClCompile:
         D:\Microsoft\Visual Studio 2010\VC\bin\CL.exe /c /IE:\Documents\SQL\sem2\ProgramowanieSymulacjiFizykiWCzasieRzeczywistym\Projekty\Projects02\project02\project02\\opengl\include /ZI /nologo /W3 /WX- /Od /Oy- /D _MBCS /Gm /EHsc /RTC1 /MDd /GS /fp:precise /Zc:wchar_t /Zc:forScope /Fo"Debug\\" /Fd"Debug\vc100.pdb" /Gd /TP /analyze- /errorReport:prompt RigidBody.cpp main.cpp
         main.cpp
     1>e:\documents\sql\sem2\programowaniesymulacjifizykiwczasierzeczywistym\projekty\projects02\project02\project02\main.cpp(119): warning C4305: 'return' : truncation from 'int' to 'bool'
     1>e:\documents\sql\sem2\programowaniesymulacjifizykiwczasierzeczywistym\projekty\projects02\project02\project02\main.cpp(130): warning C4305: 'return' : truncation from 'int' to 'bool'
     1>e:\documents\sql\sem2\programowaniesymulacjifizykiwczasierzeczywistym\projekty\projects02\project02\project02\main.cpp(136): warning C4305: 'return' : truncation from 'int' to 'bool'
     1>e:\documents\sql\sem2\programowaniesymulacjifizykiwczasierzeczywistym\projekty\projects02\project02\project02\main.cpp(150): warning C4806: '==' : unsafe operation: no value of type 'bool' promoted to type 'int' can equal the given constant
     1>e:\documents\sql\sem2\programowaniesymulacjifizykiwczasierzeczywistym\projekty\projects02\project02\project02\main.cpp(191): warning C4305: 'argument' : truncation from 'double' to 'float'
         RigidBody.cpp
     1>e:\documents\sql\sem2\programowaniesymulacjifizykiwczasierzeczywistym\projekty\projects02\project02\project02\rigidbody.cpp(6): warning C4018: '<' : signed/unsigned mismatch
     1>e:\documents\sql\sem2\programowaniesymulacjifizykiwczasierzeczywistym\projekty\projects02\project02\project02\rigidbody.cpp(28): warning C4244: '=' : conversion from 'unsigned int' to 'float', possible loss of data
         Generating Code...
       Link:
         D:\Microsoft\Visual Studio 2010\VC\bin\link.exe /ERRORREPORT:PROMPT /OUT:"E:\Documents\SQL\sem2\ProgramowanieSymulacjiFizykiWCzasieRzeczywistym\Projekty\Projects02\project02\Debug\project02.exe" /NOLOGO /LIBPATH:E:\Documents\SQL\sem2\ProgramowanieSymulacjiFizykiWCzasieRzeczywistym\Projekty\Projects02\project02\project02\\opengl\include glfw.lib glu32.lib glew32.lib opengl32.lib kernel32.lib user32.lib gdi32.lib winspool.lib comdlg32.lib advapi32.lib shell32.lib ole32.lib oleaut32.lib uuid.lib odbc32.lib odbccp32.lib /MANIFEST /ManifestFile:"Debug\project02.exe.intermediate.manifest" /MANIFESTUAC:"level='asInvoker' uiAccess='false'" /DEBUG /PDB:"E:\Documents\SQL\sem2\ProgramowanieSymulacjiFizykiWCzasieRzeczywistym\Projekty\Projects02\project02\Debug\project02.pdb" /TLBID:1 /DYNAMICBASE /NXCOMPAT /IMPLIB:"E:\Documents\SQL\sem2\ProgramowanieSymulacjiFizykiWCzasieRzeczywistym\Projekty\Projects02\project02\Debug\project02.lib" /MACHINE:X86 Debug\BSphere.obj
         Debug\controls.obj
         Debug\Figures.obj
         Debug\main.obj
         Debug\objloader.obj
         Debug\RigidBody.obj
         LINK : E:\Documents\SQL\sem2\ProgramowanieSymulacjiFizykiWCzasieRzeczywistym\Projekty\Projects02\project02\Debug\project02.exe not found or not built by the last incremental link; performing full link
     1>LINK : warning LNK4098: defaultlib 'MSVCRT' conflicts with use of other libs; use /NODEFAULTLIB:library
         project02.vcxproj -> E:\Documents\SQL\sem2\ProgramowanieSymulacjiFizykiWCzasieRzeczywistym\Projekty\Projects02\project02\Debug\project02.exe
       Manifest:
         C:\Program Files (x86)\Microsoft SDKs\Windows\v7.0A\bin\mt.exe /nologo /verbose /outputresource:"E:\Documents\SQL\sem2\ProgramowanieSymulacjiFizykiWCzasieRzeczywistym\Projekty\Projects02\project02\Debug\project02.exe;#1" /manifest Debug\project02.exe.intermediate.manifest
       FinalizeBuildStatus:
         Deleting file "Debug\project02.unsuccessfulbuild".
         Touching "Debug\project02.lastbuildstate".
     1>Done Building Project "E:\Documents\SQL\sem2\ProgramowanieSymulacjiFizykiWCzasieRzeczywistym\Projekty\Projects02\project02\project02\project02.vcxproj" (build target(s)).

Build succeeded.

Time Elapsed 00:00:03.68
